<?xml version="1.0" encoding="UTF-8"?>
<coverage generated="1770177101847" clover="3.2.0">
  <project timestamp="1770177101847" name="All files">
    <metrics statements="94" coveredstatements="89" conditionals="55" coveredconditionals="48" methods="40" coveredmethods="38" elements="189" coveredelements="175" complexity="0" loc="94" ncloc="94" packages="3" files="7" classes="7"/>
    <package name="src">
      <metrics statements="30" coveredstatements="27" conditionals="27" coveredconditionals="22" methods="11" coveredmethods="11"/>
      <file name="App.css" path="/Users/karlsanford/Code/InformedGuessing/src/App.css">
        <metrics statements="0" coveredstatements="0" conditionals="0" coveredconditionals="0" methods="0" coveredmethods="0"/>
      </file>
      <file name="App.tsx" path="/Users/karlsanford/Code/InformedGuessing/src/App.tsx">
        <metrics statements="19" coveredstatements="18" conditionals="18" coveredconditionals="16" methods="8" coveredmethods="8"/>
        <line num="11" count="34" type="stmt"/>
        <line num="13" count="34" type="stmt"/>
        <line num="18" count="34" type="cond" truecount="2" falsecount="0"/>
        <line num="22" count="34" type="stmt"/>
        <line num="23" count="8" type="stmt"/>
        <line num="24" count="8" type="cond" truecount="4" falsecount="0"/>
        <line num="25" count="7" type="stmt"/>
        <line num="26" count="7" type="cond" truecount="1" falsecount="1"/>
        <line num="28" count="7" type="stmt"/>
        <line num="30" count="7" type="cond" truecount="4" falsecount="0"/>
        <line num="31" count="5" type="stmt"/>
        <line num="32" count="2" type="cond" truecount="3" falsecount="1"/>
        <line num="33" count="0" type="stmt"/>
        <line num="36" count="7" type="stmt"/>
        <line num="40" count="34" type="stmt"/>
        <line num="47" count="11" type="stmt"/>
        <line num="58" count="1" type="stmt"/>
        <line num="65" count="2" type="stmt"/>
        <line num="66" count="1" type="stmt"/>
      </file>
      <file name="reducer.ts" path="/Users/karlsanford/Code/InformedGuessing/src/reducer.ts">
        <metrics statements="11" coveredstatements="9" conditionals="9" coveredconditionals="6" methods="3" coveredmethods="3"/>
        <line num="4" count="1" type="stmt"/>
        <line num="11" count="22" type="cond" truecount="5" falsecount="2"/>
        <line num="13" count="11" type="stmt"/>
        <line num="27" count="7" type="stmt"/>
        <line num="30" count="7" type="cond" truecount="1" falsecount="1"/>
        <line num="35" count="1" type="stmt"/>
        <line num="37" count="2" type="stmt"/>
        <line num="41" count="2" type="stmt"/>
        <line num="47" count="1" type="stmt"/>
        <line num="53" count="0" type="stmt"/>
        <line num="56" count="0" type="stmt"/>
      </file>
    </package>
    <package name="src.components">
      <metrics statements="18" coveredstatements="16" conditionals="8" coveredconditionals="6" methods="13" coveredmethods="11"/>
      <file name="AdvancedVariables.tsx" path="/Users/karlsanford/Code/InformedGuessing/src/components/AdvancedVariables.tsx">
        <metrics statements="9" coveredstatements="7" conditionals="4" coveredconditionals="3" methods="6" coveredmethods="4"/>
        <line num="10" count="34" type="stmt"/>
        <line num="11" count="2" type="stmt"/>
        <line num="12" count="2" type="cond" truecount="3" falsecount="1"/>
        <line num="13" count="2" type="stmt"/>
        <line num="17" count="34" type="stmt"/>
        <line num="33" count="1" type="stmt"/>
        <line num="49" count="0" type="stmt"/>
        <line num="65" count="1" type="stmt"/>
        <line num="81" count="0" type="stmt"/>
      </file>
      <file name="OutputsSection.tsx" path="/Users/karlsanford/Code/InformedGuessing/src/components/OutputsSection.tsx">
        <metrics statements="1" coveredstatements="1" conditionals="2" coveredconditionals="2" methods="1" coveredmethods="1"/>
        <line num="8" count="34" type="stmt"/>
      </file>
      <file name="WorkItemsTable.tsx" path="/Users/karlsanford/Code/InformedGuessing/src/components/WorkItemsTable.tsx">
        <metrics statements="8" coveredstatements="8" conditionals="2" coveredconditionals="1" methods="6" coveredmethods="6"/>
        <line num="12" count="19" type="stmt"/>
        <line num="13" count="23" type="stmt"/>
        <line num="16" count="19" type="stmt"/>
        <line num="32" count="23" type="stmt"/>
        <line num="33" count="23" type="stmt"/>
        <line num="51" count="6" type="stmt"/>
        <line num="61" count="2" type="stmt"/>
        <line num="70" count="1" type="stmt"/>
      </file>
    </package>
    <package name="src.domain">
      <metrics statements="46" coveredstatements="46" conditionals="20" coveredconditionals="20" methods="16" coveredmethods="16"/>
      <file name="estimation.ts" path="/Users/karlsanford/Code/InformedGuessing/src/domain/estimation.ts">
        <metrics statements="46" coveredstatements="46" conditionals="20" coveredconditionals="20" methods="16" coveredmethods="16"/>
        <line num="42" count="2" type="stmt"/>
        <line num="54" count="125" type="cond" truecount="2" falsecount="0"/>
        <line num="55" count="2" type="stmt"/>
        <line num="57" count="123" type="cond" truecount="2" falsecount="0"/>
        <line num="58" count="2" type="stmt"/>
        <line num="60" count="121" type="stmt"/>
        <line num="64" count="38" type="cond" truecount="4" falsecount="0"/>
        <line num="65" count="3" type="stmt"/>
        <line num="67" count="35" type="cond" truecount="2" falsecount="0"/>
        <line num="68" count="1" type="stmt"/>
        <line num="70" count="34" type="cond" truecount="2" falsecount="0"/>
        <line num="71" count="1" type="stmt"/>
        <line num="73" count="33" type="cond" truecount="2" falsecount="0"/>
        <line num="74" count="1" type="stmt"/>
        <line num="76" count="32" type="stmt"/>
        <line num="92" count="127" type="stmt"/>
        <line num="104" count="124" type="stmt"/>
        <line num="112" count="124" type="stmt"/>
        <line num="122" count="121" type="stmt"/>
        <line num="128" count="121" type="stmt"/>
        <line num="134" count="121" type="stmt"/>
        <line num="136" count="121" type="stmt"/>
        <line num="153" count="96" type="stmt"/>
        <line num="161" count="96" type="stmt"/>
        <line num="169" count="29" type="stmt"/>
        <line num="184" count="29" type="stmt"/>
        <line num="195" count="29" type="stmt"/>
        <line num="211" count="29" type="cond" truecount="2" falsecount="0"/>
        <line num="212" count="13" type="stmt"/>
        <line num="214" count="16" type="stmt"/>
        <line num="215" count="16" type="stmt"/>
        <line num="230" count="32" type="stmt"/>
        <line num="231" count="32" type="cond" truecount="2" falsecount="0"/>
        <line num="232" count="1" type="stmt"/>
        <line num="236" count="31" type="stmt"/>
        <line num="237" count="98" type="stmt"/>
        <line num="238" count="98" type="cond" truecount="2" falsecount="0"/>
        <line num="239" count="2" type="stmt"/>
        <line num="241" count="96" type="stmt"/>
        <line num="245" count="31" type="stmt"/>
        <line num="246" count="31" type="stmt"/>
        <line num="247" count="31" type="stmt"/>
        <line num="250" count="31" type="stmt"/>
        <line num="254" count="31" type="stmt"/>
        <line num="260" count="31" type="stmt"/>
        <line num="265" count="31" type="stmt"/>
      </file>
    </package>
  </project>
</coverage>
