<?xml version="1.0" encoding="UTF-8"?>
<coverage generated="1770178928147" clover="3.2.0">
  <project timestamp="1770178928147" name="All files">
    <metrics statements="100" coveredstatements="94" conditionals="59" coveredconditionals="52" methods="43" coveredmethods="40" elements="202" coveredelements="186" complexity="0" loc="100" ncloc="100" packages="3" files="7" classes="7"/>
    <package name="src">
      <metrics statements="34" coveredstatements="31" conditionals="31" coveredconditionals="26" methods="12" coveredmethods="12"/>
      <file name="App.css" path="/Users/karlsanford/Code/InformedGuessing/src/App.css">
        <metrics statements="0" coveredstatements="0" conditionals="0" coveredconditionals="0" methods="0" coveredmethods="0"/>
      </file>
      <file name="App.tsx" path="/Users/karlsanford/Code/InformedGuessing/src/App.tsx">
        <metrics statements="23" coveredstatements="22" conditionals="22" coveredconditionals="20" methods="9" coveredmethods="9"/>
        <line num="11" count="62" type="stmt"/>
        <line num="13" count="62" type="stmt"/>
        <line num="18" count="62" type="cond" truecount="2" falsecount="0"/>
        <line num="22" count="62" type="stmt"/>
        <line num="23" count="20" type="stmt"/>
        <line num="24" count="20" type="cond" truecount="4" falsecount="0"/>
        <line num="25" count="16" type="stmt"/>
        <line num="26" count="16" type="cond" truecount="1" falsecount="1"/>
        <line num="28" count="16" type="stmt"/>
        <line num="30" count="16" type="cond" truecount="4" falsecount="0"/>
        <line num="31" count="7" type="stmt"/>
        <line num="32" count="9" type="cond" truecount="3" falsecount="1"/>
        <line num="33" count="0" type="stmt"/>
        <line num="36" count="16" type="stmt"/>
        <line num="40" count="62" type="stmt"/>
        <line num="45" count="32" type="cond" truecount="4" falsecount="0"/>
        <line num="46" count="20" type="stmt"/>
        <line num="48" count="12" type="stmt"/>
        <line num="52" count="62" type="stmt"/>
        <line num="65" count="13" type="stmt"/>
        <line num="76" count="1" type="stmt"/>
        <line num="88" count="3" type="stmt"/>
        <line num="89" count="1" type="stmt"/>
      </file>
      <file name="reducer.ts" path="/Users/karlsanford/Code/InformedGuessing/src/reducer.ts">
        <metrics statements="11" coveredstatements="9" conditionals="9" coveredconditionals="6" methods="3" coveredmethods="3"/>
        <line num="4" count="1" type="stmt"/>
        <line num="11" count="46" type="cond" truecount="5" falsecount="2"/>
        <line num="13" count="13" type="stmt"/>
        <line num="29" count="28" type="stmt"/>
        <line num="32" count="28" type="cond" truecount="1" falsecount="1"/>
        <line num="37" count="1" type="stmt"/>
        <line num="39" count="2" type="stmt"/>
        <line num="43" count="3" type="stmt"/>
        <line num="49" count="1" type="stmt"/>
        <line num="55" count="0" type="stmt"/>
        <line num="58" count="0" type="stmt"/>
      </file>
    </package>
    <package name="src.components">
      <metrics statements="20" coveredstatements="17" conditionals="8" coveredconditionals="6" methods="15" coveredmethods="12"/>
      <file name="AdvancedVariables.tsx" path="/Users/karlsanford/Code/InformedGuessing/src/components/AdvancedVariables.tsx">
        <metrics statements="9" coveredstatements="7" conditionals="4" coveredconditionals="3" methods="6" coveredmethods="4"/>
        <line num="10" count="62" type="stmt"/>
        <line num="11" count="3" type="stmt"/>
        <line num="12" count="3" type="cond" truecount="3" falsecount="1"/>
        <line num="13" count="3" type="stmt"/>
        <line num="17" count="62" type="stmt"/>
        <line num="33" count="2" type="stmt"/>
        <line num="49" count="0" type="stmt"/>
        <line num="65" count="1" type="stmt"/>
        <line num="81" count="0" type="stmt"/>
      </file>
      <file name="OutputsSection.tsx" path="/Users/karlsanford/Code/InformedGuessing/src/components/OutputsSection.tsx">
        <metrics statements="1" coveredstatements="1" conditionals="2" coveredconditionals="2" methods="1" coveredmethods="1"/>
        <line num="8" count="62" type="stmt"/>
      </file>
      <file name="WorkItemsTable.tsx" path="/Users/karlsanford/Code/InformedGuessing/src/components/WorkItemsTable.tsx">
        <metrics statements="10" coveredstatements="9" conditionals="2" coveredconditionals="1" methods="8" coveredmethods="7"/>
        <line num="16" count="43" type="stmt"/>
        <line num="17" count="47" type="stmt"/>
        <line num="20" count="43" type="stmt"/>
        <line num="38" count="47" type="stmt"/>
        <line num="39" count="47" type="stmt"/>
        <line num="64" count="12" type="stmt"/>
        <line num="78" count="0" type="stmt"/>
        <line num="94" count="11" type="stmt"/>
        <line num="109" count="9" type="stmt"/>
        <line num="131" count="1" type="stmt"/>
      </file>
    </package>
    <package name="src.domain">
      <metrics statements="46" coveredstatements="46" conditionals="20" coveredconditionals="20" methods="16" coveredmethods="16"/>
      <file name="estimation.ts" path="/Users/karlsanford/Code/InformedGuessing/src/domain/estimation.ts">
        <metrics statements="46" coveredstatements="46" conditionals="20" coveredconditionals="20" methods="16" coveredmethods="16"/>
        <line num="44" count="2" type="stmt"/>
        <line num="56" count="173" type="cond" truecount="2" falsecount="0"/>
        <line num="57" count="2" type="stmt"/>
        <line num="59" count="171" type="cond" truecount="2" falsecount="0"/>
        <line num="60" count="2" type="stmt"/>
        <line num="62" count="169" type="stmt"/>
        <line num="66" count="62" type="cond" truecount="4" falsecount="0"/>
        <line num="67" count="3" type="stmt"/>
        <line num="69" count="59" type="cond" truecount="2" falsecount="0"/>
        <line num="70" count="1" type="stmt"/>
        <line num="72" count="58" type="cond" truecount="2" falsecount="0"/>
        <line num="73" count="1" type="stmt"/>
        <line num="75" count="57" type="cond" truecount="2" falsecount="0"/>
        <line num="76" count="1" type="stmt"/>
        <line num="78" count="56" type="stmt"/>
        <line num="94" count="175" type="stmt"/>
        <line num="106" count="172" type="stmt"/>
        <line num="114" count="172" type="stmt"/>
        <line num="124" count="169" type="stmt"/>
        <line num="130" count="169" type="stmt"/>
        <line num="136" count="169" type="stmt"/>
        <line num="138" count="169" type="stmt"/>
        <line num="155" count="120" type="stmt"/>
        <line num="163" count="120" type="stmt"/>
        <line num="171" count="53" type="stmt"/>
        <line num="186" count="53" type="stmt"/>
        <line num="197" count="53" type="stmt"/>
        <line num="213" count="53" type="cond" truecount="2" falsecount="0"/>
        <line num="214" count="27" type="stmt"/>
        <line num="216" count="26" type="stmt"/>
        <line num="217" count="26" type="stmt"/>
        <line num="232" count="56" type="stmt"/>
        <line num="233" count="56" type="cond" truecount="2" falsecount="0"/>
        <line num="234" count="1" type="stmt"/>
        <line num="238" count="55" type="stmt"/>
        <line num="239" count="122" type="stmt"/>
        <line num="240" count="122" type="cond" truecount="2" falsecount="0"/>
        <line num="241" count="2" type="stmt"/>
        <line num="243" count="120" type="stmt"/>
        <line num="247" count="55" type="stmt"/>
        <line num="248" count="55" type="stmt"/>
        <line num="249" count="55" type="stmt"/>
        <line num="252" count="55" type="stmt"/>
        <line num="256" count="55" type="stmt"/>
        <line num="262" count="55" type="stmt"/>
        <line num="267" count="55" type="stmt"/>
      </file>
    </package>
  </project>
</coverage>
