{"/Users/karlsanford/Code/InformedGuessing/src/App.css": {"path":"/Users/karlsanford/Code/InformedGuessing/src/App.css","statementMap":{},"fnMap":{},"branchMap":{},"s":{},"f":{},"b":{},"meta":{"lastBranch":0,"lastFunction":0,"lastStatement":0,"seen":{}}}
,"/Users/karlsanford/Code/InformedGuessing/src/App.tsx": {"path":"/Users/karlsanford/Code/InformedGuessing/src/App.tsx","statementMap":{"0":{"start":{"line":11,"column":24},"end":{"line":11,"column":null}},"1":{"start":{"line":13,"column":32},"end":{"line":16,"column":null}},"2":{"start":{"line":13,"column":63},"end":{"line":16,"column":4}},"3":{"start":{"line":18,"column":18},"end":{"line":20,"column":null}},"4":{"start":{"line":22,"column":28},"end":{"line":38,"column":null}},"5":{"start":{"line":23,"column":21},"end":{"line":23,"column":null}},"6":{"start":{"line":24,"column":4},"end":{"line":37,"column":null}},"7":{"start":{"line":25,"column":26},"end":{"line":25,"column":null}},"8":{"start":{"line":25,"column":57},"end":{"line":25,"column":71}},"9":{"start":{"line":26,"column":6},"end":{"line":26,"column":null}},"10":{"start":{"line":26,"column":24},"end":{"line":26,"column":null}},"11":{"start":{"line":28,"column":53},"end":{"line":28,"column":null}},"12":{"start":{"line":30,"column":6},"end":{"line":34,"column":null}},"13":{"start":{"line":31,"column":8},"end":{"line":31,"column":null}},"14":{"start":{"line":32,"column":6},"end":{"line":34,"column":null}},"15":{"start":{"line":33,"column":8},"end":{"line":33,"column":null}},"16":{"start":{"line":36,"column":6},"end":{"line":36,"column":null}},"17":{"start":{"line":40,"column":28},"end":{"line":50,"column":null}},"18":{"start":{"line":45,"column":4},"end":{"line":49,"column":null}},"19":{"start":{"line":46,"column":6},"end":{"line":46,"column":null}},"20":{"start":{"line":48,"column":6},"end":{"line":48,"column":null}},"21":{"start":{"line":52,"column":2},"end":{"line":100,"column":null}},"22":{"start":{"line":65,"column":33},"end":{"line":65,"column":70}},"23":{"start":{"line":76,"column":30},"end":{"line":76,"column":null}},"24":{"start":{"line":88,"column":33},"end":{"line":88,"column":null}},"25":{"start":{"line":89,"column":25},"end":{"line":89,"column":null}}},"fnMap":{"0":{"name":"App","decl":{"start":{"line":10,"column":9},"end":{"line":10,"column":15}},"loc":{"start":{"line":10,"column":15},"end":{"line":102,"column":null}},"line":10},"1":{"name":"(anonymous_1)","decl":{"start":{"line":13,"column":52},"end":{"line":13,"column":53}},"loc":{"start":{"line":13,"column":63},"end":{"line":16,"column":4}},"line":13},"2":{"name":"(anonymous_2)","decl":{"start":{"line":22,"column":28},"end":{"line":22,"column":29}},"loc":{"start":{"line":22,"column":114},"end":{"line":38,"column":null}},"line":22},"3":{"name":"(anonymous_3)","decl":{"start":{"line":25,"column":47},"end":{"line":25,"column":48}},"loc":{"start":{"line":25,"column":57},"end":{"line":25,"column":71}},"line":25},"4":{"name":"(anonymous_4)","decl":{"start":{"line":40,"column":28},"end":{"line":40,"column":null}},"loc":{"start":{"line":44,"column":7},"end":{"line":50,"column":null}},"line":44},"5":{"name":"(anonymous_5)","decl":{"start":{"line":65,"column":27},"end":{"line":65,"column":33}},"loc":{"start":{"line":65,"column":33},"end":{"line":65,"column":70}},"line":65},"6":{"name":"(anonymous_6)","decl":{"start":{"line":76,"column":22},"end":{"line":76,"column":23}},"loc":{"start":{"line":76,"column":30},"end":{"line":76,"column":null}},"line":76},"7":{"name":"(anonymous_7)","decl":{"start":{"line":88,"column":20},"end":{"line":88,"column":21}},"loc":{"start":{"line":88,"column":33},"end":{"line":88,"column":null}},"line":88},"8":{"name":"(anonymous_8)","decl":{"start":{"line":89,"column":19},"end":{"line":89,"column":25}},"loc":{"start":{"line":89,"column":25},"end":{"line":89,"column":null}},"line":89}},"branchMap":{"0":{"loc":{"start":{"line":18,"column":18},"end":{"line":20,"column":null}},"type":"cond-expr","locations":[{"start":{"line":18,"column":43},"end":{"line":19,"column":null}},{"start":{"line":20,"column":6},"end":{"line":20,"column":null}}],"line":18},"1":{"loc":{"start":{"line":24,"column":4},"end":{"line":37,"column":null}},"type":"if","locations":[{"start":{"line":24,"column":4},"end":{"line":37,"column":null}},{"start":{},"end":{}}],"line":24},"2":{"loc":{"start":{"line":24,"column":8},"end":{"line":24,"column":43}},"type":"binary-expr","locations":[{"start":{"line":24,"column":8},"end":{"line":24,"column":28}},{"start":{"line":24,"column":28},"end":{"line":24,"column":43}}],"line":24},"3":{"loc":{"start":{"line":26,"column":6},"end":{"line":26,"column":null}},"type":"if","locations":[{"start":{"line":26,"column":6},"end":{"line":26,"column":null}},{"start":{},"end":{}}],"line":26},"4":{"loc":{"start":{"line":30,"column":6},"end":{"line":34,"column":null}},"type":"if","locations":[{"start":{"line":30,"column":6},"end":{"line":34,"column":null}},{"start":{"line":32,"column":6},"end":{"line":34,"column":null}}],"line":30},"5":{"loc":{"start":{"line":30,"column":10},"end":{"line":30,"column":82}},"type":"binary-expr","locations":[{"start":{"line":30,"column":10},"end":{"line":30,"column":41}},{"start":{"line":30,"column":41},"end":{"line":30,"column":82}}],"line":30},"6":{"loc":{"start":{"line":32,"column":6},"end":{"line":34,"column":null}},"type":"if","locations":[{"start":{"line":32,"column":6},"end":{"line":34,"column":null}},{"start":{},"end":{}}],"line":32},"7":{"loc":{"start":{"line":32,"column":17},"end":{"line":32,"column":89}},"type":"binary-expr","locations":[{"start":{"line":32,"column":17},"end":{"line":32,"column":49}},{"start":{"line":32,"column":49},"end":{"line":32,"column":89}}],"line":32},"8":{"loc":{"start":{"line":45,"column":4},"end":{"line":49,"column":null}},"type":"if","locations":[{"start":{"line":45,"column":4},"end":{"line":49,"column":null}},{"start":{"line":47,"column":11},"end":{"line":49,"column":null}}],"line":45},"9":{"loc":{"start":{"line":45,"column":8},"end":{"line":45,"column":69}},"type":"binary-expr","locations":[{"start":{"line":45,"column":8},"end":{"line":45,"column":39}},{"start":{"line":45,"column":39},"end":{"line":45,"column":69}}],"line":45},"10":{"loc":{"start":{"line":70,"column":9},"end":{"line":77,"column":null}},"type":"cond-expr","locations":[{"start":{"line":71,"column":10},"end":{"line":71,"column":null}},{"start":{"line":73,"column":10},"end":{"line":77,"column":null}}],"line":70}},"s":{"0":62,"1":62,"2":47,"3":62,"4":62,"5":20,"6":20,"7":16,"8":16,"9":16,"10":0,"11":16,"12":16,"13":7,"14":9,"15":0,"16":16,"17":62,"18":32,"19":20,"20":12,"21":62,"22":13,"23":1,"24":3,"25":1},"f":{"0":62,"1":47,"2":20,"3":16,"4":32,"5":13,"6":1,"7":3,"8":1},"b":{"0":[43,19],"1":[16,4],"2":[20,16],"3":[0,16],"4":[7,9],"5":[16,9],"6":[0,9],"7":[9,7],"8":[20,12],"9":[32,21],"10":[19,43]},"meta":{"lastBranch":11,"lastFunction":9,"lastStatement":26,"seen":{"f:10:9:10:15":0,"s:11:24:11:Infinity":0,"s:13:32:16:Infinity":1,"f:13:52:13:53":1,"s:13:63:16:4":2,"s:18:18:20:Infinity":3,"b:18:43:19:Infinity:20:6:20:Infinity":0,"s:22:28:38:Infinity":4,"f:22:28:22:29":2,"s:23:21:23:Infinity":5,"b:24:4:37:Infinity:undefined:undefined:undefined:undefined":1,"s:24:4:37:Infinity":6,"b:24:8:24:28:24:28:24:43":2,"s:25:26:25:Infinity":7,"f:25:47:25:48":3,"s:25:57:25:71":8,"b:26:6:26:Infinity:undefined:undefined:undefined:undefined":3,"s:26:6:26:Infinity":9,"s:26:24:26:Infinity":10,"s:28:53:28:Infinity":11,"b:30:6:34:Infinity:32:6:34:Infinity":4,"s:30:6:34:Infinity":12,"b:30:10:30:41:30:41:30:82":5,"s:31:8:31:Infinity":13,"b:32:6:34:Infinity:undefined:undefined:undefined:undefined":6,"s:32:6:34:Infinity":14,"b:32:17:32:49:32:49:32:89":7,"s:33:8:33:Infinity":15,"s:36:6:36:Infinity":16,"s:40:28:50:Infinity":17,"f:40:28:40:Infinity":4,"b:45:4:49:Infinity:47:11:49:Infinity":8,"s:45:4:49:Infinity":18,"b:45:8:45:39:45:39:45:69":9,"s:46:6:46:Infinity":19,"s:48:6:48:Infinity":20,"s:52:2:100:Infinity":21,"f:65:27:65:33":5,"s:65:33:65:70":22,"b:71:10:71:Infinity:73:10:77:Infinity":10,"f:76:22:76:23":6,"s:76:30:76:Infinity":23,"f:88:20:88:21":7,"s:88:33:88:Infinity":24,"f:89:19:89:25":8,"s:89:25:89:Infinity":25}}}
,"/Users/karlsanford/Code/InformedGuessing/src/reducer.ts": {"path":"/Users/karlsanford/Code/InformedGuessing/src/reducer.ts","statementMap":{"0":{"start":{"line":4,"column":38},"end":{"line":8,"column":null}},"1":{"start":{"line":11,"column":2},"end":{"line":59,"column":null}},"2":{"start":{"line":13,"column":6},"end":{"line":26,"column":null}},"3":{"start":{"line":29,"column":6},"end":{"line":34,"column":null}},"4":{"start":{"line":32,"column":10},"end":{"line":32,"column":null}},"5":{"start":{"line":37,"column":6},"end":{"line":40,"column":null}},"6":{"start":{"line":39,"column":52},"end":{"line":39,"column":73}},"7":{"start":{"line":43,"column":6},"end":{"line":46,"column":null}},"8":{"start":{"line":49,"column":6},"end":{"line":52,"column":null}},"9":{"start":{"line":55,"column":6},"end":{"line":55,"column":null}},"10":{"start":{"line":58,"column":6},"end":{"line":58,"column":null}}},"fnMap":{"0":{"name":"appReducer","decl":{"start":{"line":10,"column":16},"end":{"line":10,"column":27}},"loc":{"start":{"line":10,"column":73},"end":{"line":60,"column":null}},"line":10},"1":{"name":"(anonymous_1)","decl":{"start":{"line":31,"column":39},"end":{"line":31,"column":40}},"loc":{"start":{"line":32,"column":10},"end":{"line":32,"column":null}},"line":32},"2":{"name":"(anonymous_2)","decl":{"start":{"line":39,"column":42},"end":{"line":39,"column":43}},"loc":{"start":{"line":39,"column":52},"end":{"line":39,"column":73}},"line":39}},"branchMap":{"0":{"loc":{"start":{"line":11,"column":2},"end":{"line":59,"column":null}},"type":"switch","locations":[{"start":{"line":12,"column":4},"end":{"line":26,"column":null}},{"start":{"line":28,"column":4},"end":{"line":34,"column":null}},{"start":{"line":36,"column":4},"end":{"line":40,"column":null}},{"start":{"line":42,"column":4},"end":{"line":46,"column":null}},{"start":{"line":48,"column":4},"end":{"line":52,"column":null}},{"start":{"line":54,"column":4},"end":{"line":55,"column":null}},{"start":{"line":57,"column":4},"end":{"line":58,"column":null}}],"line":11},"1":{"loc":{"start":{"line":32,"column":10},"end":{"line":32,"column":null}},"type":"cond-expr","locations":[{"start":{"line":32,"column":34},"end":{"line":32,"column":67}},{"start":{"line":32,"column":67},"end":{"line":32,"column":null}}],"line":32}},"s":{"0":1,"1":46,"2":13,"3":28,"4":28,"5":1,"6":2,"7":3,"8":1,"9":0,"10":0},"f":{"0":46,"1":28,"2":2},"b":{"0":[13,28,1,3,1,0,0],"1":[28,0]},"meta":{"lastBranch":2,"lastFunction":3,"lastStatement":11,"seen":{"s:4:38:8:Infinity":0,"f:10:16:10:27":0,"b:12:4:26:Infinity:28:4:34:Infinity:36:4:40:Infinity:42:4:46:Infinity:48:4:52:Infinity:54:4:55:Infinity:57:4:58:Infinity":0,"s:11:2:59:Infinity":1,"s:13:6:26:Infinity":2,"s:29:6:34:Infinity":3,"f:31:39:31:40":1,"s:32:10:32:Infinity":4,"b:32:34:32:67:32:67:32:Infinity":1,"s:37:6:40:Infinity":5,"f:39:42:39:43":2,"s:39:52:39:73":6,"s:43:6:46:Infinity":7,"s:49:6:52:Infinity":8,"s:55:6:55:Infinity":9,"s:58:6:58:Infinity":10}}}
,"/Users/karlsanford/Code/InformedGuessing/src/components/AdvancedVariables.tsx": {"path":"/Users/karlsanford/Code/InformedGuessing/src/components/AdvancedVariables.tsx","statementMap":{"0":{"start":{"line":10,"column":29},"end":{"line":15,"column":null}},"1":{"start":{"line":11,"column":21},"end":{"line":11,"column":null}},"2":{"start":{"line":12,"column":4},"end":{"line":14,"column":null}},"3":{"start":{"line":13,"column":6},"end":{"line":13,"column":null}},"4":{"start":{"line":17,"column":2},"end":{"line":90,"column":null}},"5":{"start":{"line":33,"column":29},"end":{"line":33,"column":null}},"6":{"start":{"line":49,"column":29},"end":{"line":49,"column":null}},"7":{"start":{"line":65,"column":29},"end":{"line":65,"column":null}},"8":{"start":{"line":81,"column":29},"end":{"line":81,"column":null}}},"fnMap":{"0":{"name":"AdvancedVariables","decl":{"start":{"line":9,"column":16},"end":{"line":9,"column":34}},"loc":{"start":{"line":9,"column":92},"end":{"line":92,"column":null}},"line":9},"1":{"name":"(anonymous_1)","decl":{"start":{"line":10,"column":29},"end":{"line":10,"column":30}},"loc":{"start":{"line":10,"column":82},"end":{"line":15,"column":null}},"line":10},"2":{"name":"(anonymous_2)","decl":{"start":{"line":33,"column":22},"end":{"line":33,"column":23}},"loc":{"start":{"line":33,"column":29},"end":{"line":33,"column":null}},"line":33},"3":{"name":"(anonymous_3)","decl":{"start":{"line":49,"column":22},"end":{"line":49,"column":23}},"loc":{"start":{"line":49,"column":29},"end":{"line":49,"column":null}},"line":49},"4":{"name":"(anonymous_4)","decl":{"start":{"line":65,"column":22},"end":{"line":65,"column":23}},"loc":{"start":{"line":65,"column":29},"end":{"line":65,"column":null}},"line":65},"5":{"name":"(anonymous_5)","decl":{"start":{"line":81,"column":22},"end":{"line":81,"column":23}},"loc":{"start":{"line":81,"column":29},"end":{"line":81,"column":null}},"line":81}},"branchMap":{"0":{"loc":{"start":{"line":12,"column":4},"end":{"line":14,"column":null}},"type":"if","locations":[{"start":{"line":12,"column":4},"end":{"line":14,"column":null}},{"start":{},"end":{}}],"line":12},"1":{"loc":{"start":{"line":12,"column":8},"end":{"line":12,"column":42}},"type":"binary-expr","locations":[{"start":{"line":12,"column":8},"end":{"line":12,"column":28}},{"start":{"line":12,"column":28},"end":{"line":12,"column":42}}],"line":12}},"s":{"0":62,"1":3,"2":3,"3":3,"4":62,"5":2,"6":0,"7":1,"8":0},"f":{"0":62,"1":3,"2":2,"3":0,"4":1,"5":0},"b":{"0":[3,0],"1":[3,3]},"meta":{"lastBranch":2,"lastFunction":6,"lastStatement":9,"seen":{"f:9:16:9:34":0,"s:10:29:15:Infinity":0,"f:10:29:10:30":1,"s:11:21:11:Infinity":1,"b:12:4:14:Infinity:undefined:undefined:undefined:undefined":0,"s:12:4:14:Infinity":2,"b:12:8:12:28:12:28:12:42":1,"s:13:6:13:Infinity":3,"s:17:2:90:Infinity":4,"f:33:22:33:23":2,"s:33:29:33:Infinity":5,"f:49:22:49:23":3,"s:49:29:49:Infinity":6,"f:65:22:65:23":4,"s:65:29:65:Infinity":7,"f:81:22:81:23":5,"s:81:29:81:Infinity":8}}}
,"/Users/karlsanford/Code/InformedGuessing/src/components/OutputsSection.tsx": {"path":"/Users/karlsanford/Code/InformedGuessing/src/components/OutputsSection.tsx","statementMap":{"0":{"start":{"line":8,"column":2},"end":{"line":36,"column":null}}},"fnMap":{"0":{"name":"OutputsSection","decl":{"start":{"line":7,"column":16},"end":{"line":7,"column":31}},"loc":{"start":{"line":7,"column":65},"end":{"line":37,"column":null}},"line":7}},"branchMap":{"0":{"loc":{"start":{"line":10,"column":7},"end":{"line":34,"column":null}},"type":"cond-expr","locations":[{"start":{"line":11,"column":8},"end":{"line":32,"column":null}},{"start":{"line":34,"column":8},"end":{"line":34,"column":null}}],"line":10}},"s":{"0":62},"f":{"0":62},"b":{"0":[43,19]},"meta":{"lastBranch":1,"lastFunction":1,"lastStatement":1,"seen":{"f:7:16:7:31":0,"s:8:2:36:Infinity":0,"b:11:8:32:Infinity:34:8:34:Infinity":0}}}
,"/Users/karlsanford/Code/InformedGuessing/src/components/WorkItemsTable.tsx": {"path":"/Users/karlsanford/Code/InformedGuessing/src/components/WorkItemsTable.tsx","statementMap":{"0":{"start":{"line":16,"column":25},"end":{"line":18,"column":null}},"1":{"start":{"line":17,"column":4},"end":{"line":17,"column":null}},"2":{"start":{"line":20,"column":2},"end":{"line":143,"column":null}},"3":{"start":{"line":38,"column":28},"end":{"line":38,"column":null}},"4":{"start":{"line":39,"column":12},"end":{"line":138,"column":null}},"5":{"start":{"line":64,"column":37},"end":{"line":64,"column":null}},"6":{"start":{"line":78,"column":37},"end":{"line":78,"column":null}},"7":{"start":{"line":94,"column":37},"end":{"line":94,"column":null}},"8":{"start":{"line":109,"column":37},"end":{"line":109,"column":null}},"9":{"start":{"line":131,"column":35},"end":{"line":131,"column":null}}},"fnMap":{"0":{"name":"WorkItemsTable","decl":{"start":{"line":15,"column":16},"end":{"line":15,"column":31}},"loc":{"start":{"line":15,"column":83},"end":{"line":145,"column":null}},"line":15},"1":{"name":"(anonymous_1)","decl":{"start":{"line":16,"column":25},"end":{"line":16,"column":26}},"loc":{"start":{"line":16,"column":60},"end":{"line":18,"column":null}},"line":16},"2":{"name":"(anonymous_2)","decl":{"start":{"line":37,"column":21},"end":{"line":37,"column":22}},"loc":{"start":{"line":37,"column":31},"end":{"line":140,"column":11}},"line":37},"3":{"name":"(anonymous_3)","decl":{"start":{"line":64,"column":30},"end":{"line":64,"column":31}},"loc":{"start":{"line":64,"column":37},"end":{"line":64,"column":null}},"line":64},"4":{"name":"(anonymous_4)","decl":{"start":{"line":78,"column":30},"end":{"line":78,"column":31}},"loc":{"start":{"line":78,"column":37},"end":{"line":78,"column":null}},"line":78},"5":{"name":"(anonymous_5)","decl":{"start":{"line":94,"column":30},"end":{"line":94,"column":31}},"loc":{"start":{"line":94,"column":37},"end":{"line":94,"column":null}},"line":94},"6":{"name":"(anonymous_6)","decl":{"start":{"line":109,"column":30},"end":{"line":109,"column":31}},"loc":{"start":{"line":109,"column":37},"end":{"line":109,"column":null}},"line":109},"7":{"name":"(anonymous_7)","decl":{"start":{"line":131,"column":29},"end":{"line":131,"column":35}},"loc":{"start":{"line":131,"column":35},"end":{"line":131,"column":null}},"line":131}},"branchMap":{"0":{"loc":{"start":{"line":44,"column":21},"end":{"line":52,"column":null}},"type":"binary-expr","locations":[{"start":{"line":44,"column":21},"end":{"line":44,"column":null}},{"start":{"line":45,"column":22},"end":{"line":52,"column":null}}],"line":44}},"s":{"0":43,"1":47,"2":43,"3":47,"4":47,"5":12,"6":0,"7":11,"8":9,"9":1},"f":{"0":43,"1":47,"2":47,"3":12,"4":0,"5":11,"6":9,"7":1},"b":{"0":[47,0]},"meta":{"lastBranch":1,"lastFunction":8,"lastStatement":10,"seen":{"f:15:16:15:31":0,"s:16:25:18:Infinity":0,"f:16:25:16:26":1,"s:17:4:17:Infinity":1,"s:20:2:143:Infinity":2,"f:37:21:37:22":2,"s:38:28:38:Infinity":3,"s:39:12:138:Infinity":4,"b:44:21:44:Infinity:45:22:52:Infinity":0,"f:64:30:64:31":3,"s:64:37:64:Infinity":5,"f:78:30:78:31":4,"s:78:37:78:Infinity":6,"f:94:30:94:31":5,"s:94:37:94:Infinity":7,"f:109:30:109:31":6,"s:109:37:109:Infinity":8,"f:131:29:131:35":7,"s:131:35:131:Infinity":9}}}
,"/Users/karlsanford/Code/InformedGuessing/src/domain/estimation.ts": {"path":"/Users/karlsanford/Code/InformedGuessing/src/domain/estimation.ts","statementMap":{"0":{"start":{"line":44,"column":54},"end":{"line":49,"column":null}},"1":{"start":{"line":56,"column":2},"end":{"line":58,"column":null}},"2":{"start":{"line":57,"column":4},"end":{"line":57,"column":null}},"3":{"start":{"line":59,"column":2},"end":{"line":61,"column":null}},"4":{"start":{"line":60,"column":4},"end":{"line":60,"column":null}},"5":{"start":{"line":62,"column":2},"end":{"line":62,"column":null}},"6":{"start":{"line":66,"column":2},"end":{"line":68,"column":null}},"7":{"start":{"line":67,"column":4},"end":{"line":67,"column":null}},"8":{"start":{"line":69,"column":2},"end":{"line":71,"column":null}},"9":{"start":{"line":70,"column":4},"end":{"line":70,"column":null}},"10":{"start":{"line":72,"column":2},"end":{"line":74,"column":null}},"11":{"start":{"line":73,"column":4},"end":{"line":73,"column":null}},"12":{"start":{"line":75,"column":2},"end":{"line":77,"column":null}},"13":{"start":{"line":76,"column":4},"end":{"line":76,"column":null}},"14":{"start":{"line":78,"column":2},"end":{"line":78,"column":null}},"15":{"start":{"line":94,"column":2},"end":{"line":94,"column":null}},"16":{"start":{"line":106,"column":2},"end":{"line":106,"column":null}},"17":{"start":{"line":114,"column":2},"end":{"line":114,"column":null}},"18":{"start":{"line":124,"column":25},"end":{"line":128,"column":null}},"19":{"start":{"line":130,"column":29},"end":{"line":134,"column":null}},"20":{"start":{"line":136,"column":19},"end":{"line":136,"column":null}},"21":{"start":{"line":138,"column":2},"end":{"line":143,"column":null}},"22":{"start":{"line":155,"column":2},"end":{"line":155,"column":null}},"23":{"start":{"line":155,"column":37},"end":{"line":155,"column":64}},"24":{"start":{"line":163,"column":2},"end":{"line":163,"column":null}},"25":{"start":{"line":163,"column":37},"end":{"line":163,"column":58}},"26":{"start":{"line":171,"column":2},"end":{"line":171,"column":null}},"27":{"start":{"line":186,"column":2},"end":{"line":186,"column":null}},"28":{"start":{"line":197,"column":2},"end":{"line":197,"column":null}},"29":{"start":{"line":213,"column":2},"end":{"line":215,"column":null}},"30":{"start":{"line":214,"column":4},"end":{"line":214,"column":null}},"31":{"start":{"line":216,"column":19},"end":{"line":216,"column":null}},"32":{"start":{"line":217,"column":2},"end":{"line":217,"column":null}},"33":{"start":{"line":232,"column":25},"end":{"line":232,"column":null}},"34":{"start":{"line":233,"column":2},"end":{"line":235,"column":null}},"35":{"start":{"line":234,"column":4},"end":{"line":234,"column":null}},"36":{"start":{"line":238,"column":48},"end":{"line":244,"column":null}},"37":{"start":{"line":239,"column":18},"end":{"line":239,"column":null}},"38":{"start":{"line":240,"column":4},"end":{"line":242,"column":null}},"39":{"start":{"line":241,"column":6},"end":{"line":241,"column":null}},"40":{"start":{"line":243,"column":4},"end":{"line":243,"column":null}},"41":{"start":{"line":247,"column":31},"end":{"line":247,"column":null}},"42":{"start":{"line":248,"column":25},"end":{"line":248,"column":null}},"43":{"start":{"line":249,"column":33},"end":{"line":249,"column":null}},"44":{"start":{"line":252,"column":29},"end":{"line":255,"column":null}},"45":{"start":{"line":256,"column":35},"end":{"line":259,"column":null}},"46":{"start":{"line":262,"column":25},"end":{"line":265,"column":null}},"47":{"start":{"line":267,"column":2},"end":{"line":274,"column":null}}},"fnMap":{"0":{"name":"validateWorkItem","decl":{"start":{"line":55,"column":16},"end":{"line":55,"column":33}},"loc":{"start":{"line":55,"column":64},"end":{"line":63,"column":null}},"line":55},"1":{"name":"validateConstants","decl":{"start":{"line":65,"column":16},"end":{"line":65,"column":34}},"loc":{"start":{"line":65,"column":81},"end":{"line":79,"column":null}},"line":65},"2":{"name":"calculateExpectedHours","decl":{"start":{"line":89,"column":16},"end":{"line":89,"column":null}},"loc":{"start":{"line":93,"column":10},"end":{"line":95,"column":null}},"line":93},"3":{"name":"calculateRangeSpread","decl":{"start":{"line":101,"column":16},"end":{"line":101,"column":null}},"loc":{"start":{"line":105,"column":10},"end":{"line":107,"column":null}},"line":105},"4":{"name":"calculateVariance","decl":{"start":{"line":113,"column":16},"end":{"line":113,"column":34}},"loc":{"start":{"line":113,"column":70},"end":{"line":115,"column":null}},"line":113},"5":{"name":"calculateWorkItem","decl":{"start":{"line":120,"column":16},"end":{"line":120,"column":null}},"loc":{"start":{"line":123,"column":22},"end":{"line":144,"column":null}},"line":123},"6":{"name":"calculateTotalExpectedHours","decl":{"start":{"line":154,"column":16},"end":{"line":154,"column":44}},"loc":{"start":{"line":154,"column":81},"end":{"line":156,"column":null}},"line":154},"7":{"name":"(anonymous_7)","decl":{"start":{"line":155,"column":22},"end":{"line":155,"column":23}},"loc":{"start":{"line":155,"column":37},"end":{"line":155,"column":64}},"line":155},"8":{"name":"calculateTotalVariance","decl":{"start":{"line":162,"column":16},"end":{"line":162,"column":39}},"loc":{"start":{"line":162,"column":76},"end":{"line":164,"column":null}},"line":162},"9":{"name":"(anonymous_9)","decl":{"start":{"line":163,"column":22},"end":{"line":163,"column":23}},"loc":{"start":{"line":163,"column":37},"end":{"line":163,"column":58}},"line":163},"10":{"name":"calculatePortfolioRangeSpread","decl":{"start":{"line":170,"column":16},"end":{"line":170,"column":46}},"loc":{"start":{"line":170,"column":78},"end":{"line":172,"column":null}},"line":170},"11":{"name":"calculateTotalEffortHours","decl":{"start":{"line":182,"column":16},"end":{"line":182,"column":null}},"loc":{"start":{"line":185,"column":10},"end":{"line":187,"column":null}},"line":185},"12":{"name":"calculateTotalEffortStaffWeeks","decl":{"start":{"line":193,"column":16},"end":{"line":193,"column":null}},"loc":{"start":{"line":196,"column":10},"end":{"line":198,"column":null}},"line":196},"13":{"name":"calculateDurationWeeks","decl":{"start":{"line":209,"column":16},"end":{"line":209,"column":null}},"loc":{"start":{"line":212,"column":10},"end":{"line":218,"column":null}},"line":212},"14":{"name":"calculatePortfolio","decl":{"start":{"line":227,"column":16},"end":{"line":227,"column":null}},"loc":{"start":{"line":230,"column":20},"end":{"line":275,"column":null}},"line":230},"15":{"name":"(anonymous_15)","decl":{"start":{"line":238,"column":58},"end":{"line":238,"column":59}},"loc":{"start":{"line":238,"column":68},"end":{"line":244,"column":3}},"line":238}},"branchMap":{"0":{"loc":{"start":{"line":56,"column":2},"end":{"line":58,"column":null}},"type":"if","locations":[{"start":{"line":56,"column":2},"end":{"line":58,"column":null}},{"start":{},"end":{}}],"line":56},"1":{"loc":{"start":{"line":59,"column":2},"end":{"line":61,"column":null}},"type":"if","locations":[{"start":{"line":59,"column":2},"end":{"line":61,"column":null}},{"start":{},"end":{}}],"line":59},"2":{"loc":{"start":{"line":66,"column":2},"end":{"line":68,"column":null}},"type":"if","locations":[{"start":{"line":66,"column":2},"end":{"line":68,"column":null}},{"start":{},"end":{}}],"line":66},"3":{"loc":{"start":{"line":66,"column":6},"end":{"line":66,"column":84}},"type":"binary-expr","locations":[{"start":{"line":66,"column":6},"end":{"line":66,"column":46}},{"start":{"line":66,"column":46},"end":{"line":66,"column":84}}],"line":66},"4":{"loc":{"start":{"line":69,"column":2},"end":{"line":71,"column":null}},"type":"if","locations":[{"start":{"line":69,"column":2},"end":{"line":71,"column":null}},{"start":{},"end":{}}],"line":69},"5":{"loc":{"start":{"line":72,"column":2},"end":{"line":74,"column":null}},"type":"if","locations":[{"start":{"line":72,"column":2},"end":{"line":74,"column":null}},{"start":{},"end":{}}],"line":72},"6":{"loc":{"start":{"line":75,"column":2},"end":{"line":77,"column":null}},"type":"if","locations":[{"start":{"line":75,"column":2},"end":{"line":77,"column":null}},{"start":{},"end":{}}],"line":75},"7":{"loc":{"start":{"line":213,"column":2},"end":{"line":215,"column":null}},"type":"if","locations":[{"start":{"line":213,"column":2},"end":{"line":215,"column":null}},{"start":{},"end":{}}],"line":213},"8":{"loc":{"start":{"line":233,"column":2},"end":{"line":235,"column":null}},"type":"if","locations":[{"start":{"line":233,"column":2},"end":{"line":235,"column":null}},{"start":{},"end":{}}],"line":233},"9":{"loc":{"start":{"line":240,"column":4},"end":{"line":242,"column":null}},"type":"if","locations":[{"start":{"line":240,"column":4},"end":{"line":242,"column":null}},{"start":{},"end":{}}],"line":240}},"s":{"0":2,"1":173,"2":2,"3":171,"4":2,"5":169,"6":62,"7":3,"8":59,"9":1,"10":58,"11":1,"12":57,"13":1,"14":56,"15":175,"16":172,"17":172,"18":169,"19":169,"20":169,"21":169,"22":53,"23":120,"24":53,"25":120,"26":53,"27":53,"28":53,"29":53,"30":27,"31":26,"32":26,"33":56,"34":56,"35":1,"36":55,"37":122,"38":122,"39":2,"40":120,"41":55,"42":55,"43":55,"44":55,"45":55,"46":55,"47":55},"f":{"0":173,"1":62,"2":175,"3":172,"4":172,"5":169,"6":53,"7":120,"8":53,"9":120,"10":53,"11":53,"12":53,"13":53,"14":56,"15":122},"b":{"0":[2,171],"1":[2,169],"2":[3,59],"3":[62,61],"4":[1,58],"5":[1,57],"6":[1,56],"7":[27,26],"8":[1,55],"9":[2,120]},"meta":{"lastBranch":10,"lastFunction":16,"lastStatement":48,"seen":{"s:44:54:49:Infinity":0,"f:55:16:55:33":0,"b:56:2:58:Infinity:undefined:undefined:undefined:undefined":0,"s:56:2:58:Infinity":1,"s:57:4:57:Infinity":2,"b:59:2:61:Infinity:undefined:undefined:undefined:undefined":1,"s:59:2:61:Infinity":3,"s:60:4:60:Infinity":4,"s:62:2:62:Infinity":5,"f:65:16:65:34":1,"b:66:2:68:Infinity:undefined:undefined:undefined:undefined":2,"s:66:2:68:Infinity":6,"b:66:6:66:46:66:46:66:84":3,"s:67:4:67:Infinity":7,"b:69:2:71:Infinity:undefined:undefined:undefined:undefined":4,"s:69:2:71:Infinity":8,"s:70:4:70:Infinity":9,"b:72:2:74:Infinity:undefined:undefined:undefined:undefined":5,"s:72:2:74:Infinity":10,"s:73:4:73:Infinity":11,"b:75:2:77:Infinity:undefined:undefined:undefined:undefined":6,"s:75:2:77:Infinity":12,"s:76:4:76:Infinity":13,"s:78:2:78:Infinity":14,"f:89:16:89:Infinity":2,"s:94:2:94:Infinity":15,"f:101:16:101:Infinity":3,"s:106:2:106:Infinity":16,"f:113:16:113:34":4,"s:114:2:114:Infinity":17,"f:120:16:120:Infinity":5,"s:124:25:128:Infinity":18,"s:130:29:134:Infinity":19,"s:136:19:136:Infinity":20,"s:138:2:143:Infinity":21,"f:154:16:154:44":6,"s:155:2:155:Infinity":22,"f:155:22:155:23":7,"s:155:37:155:64":23,"f:162:16:162:39":8,"s:163:2:163:Infinity":24,"f:163:22:163:23":9,"s:163:37:163:58":25,"f:170:16:170:46":10,"s:171:2:171:Infinity":26,"f:182:16:182:Infinity":11,"s:186:2:186:Infinity":27,"f:193:16:193:Infinity":12,"s:197:2:197:Infinity":28,"f:209:16:209:Infinity":13,"b:213:2:215:Infinity:undefined:undefined:undefined:undefined":7,"s:213:2:215:Infinity":29,"s:214:4:214:Infinity":30,"s:216:19:216:Infinity":31,"s:217:2:217:Infinity":32,"f:227:16:227:Infinity":14,"s:232:25:232:Infinity":33,"b:233:2:235:Infinity:undefined:undefined:undefined:undefined":8,"s:233:2:235:Infinity":34,"s:234:4:234:Infinity":35,"s:238:48:244:Infinity":36,"f:238:58:238:59":15,"s:239:18:239:Infinity":37,"b:240:4:242:Infinity:undefined:undefined:undefined:undefined":9,"s:240:4:242:Infinity":38,"s:241:6:241:Infinity":39,"s:243:4:243:Infinity":40,"s:247:31:247:Infinity":41,"s:248:25:248:Infinity":42,"s:249:33:249:Infinity":43,"s:252:29:255:Infinity":44,"s:256:35:259:Infinity":45,"s:262:25:265:Infinity":46,"s:267:2:274:Infinity":47}}}
}
