{"/Users/karlsanford/Code/InformedGuessing/src/App.css": {"path":"/Users/karlsanford/Code/InformedGuessing/src/App.css","statementMap":{},"fnMap":{},"branchMap":{},"s":{},"f":{},"b":{},"meta":{"lastBranch":0,"lastFunction":0,"lastStatement":0,"seen":{}}}
,"/Users/karlsanford/Code/InformedGuessing/src/App.tsx": {"path":"/Users/karlsanford/Code/InformedGuessing/src/App.tsx","statementMap":{"0":{"start":{"line":11,"column":24},"end":{"line":11,"column":null}},"1":{"start":{"line":13,"column":32},"end":{"line":16,"column":null}},"2":{"start":{"line":13,"column":63},"end":{"line":16,"column":4}},"3":{"start":{"line":18,"column":18},"end":{"line":20,"column":null}},"4":{"start":{"line":22,"column":28},"end":{"line":38,"column":null}},"5":{"start":{"line":23,"column":21},"end":{"line":23,"column":null}},"6":{"start":{"line":24,"column":4},"end":{"line":37,"column":null}},"7":{"start":{"line":25,"column":26},"end":{"line":25,"column":null}},"8":{"start":{"line":25,"column":57},"end":{"line":25,"column":71}},"9":{"start":{"line":26,"column":6},"end":{"line":26,"column":null}},"10":{"start":{"line":26,"column":24},"end":{"line":26,"column":null}},"11":{"start":{"line":28,"column":53},"end":{"line":28,"column":null}},"12":{"start":{"line":30,"column":6},"end":{"line":34,"column":null}},"13":{"start":{"line":31,"column":8},"end":{"line":31,"column":null}},"14":{"start":{"line":32,"column":6},"end":{"line":34,"column":null}},"15":{"start":{"line":33,"column":8},"end":{"line":33,"column":null}},"16":{"start":{"line":36,"column":6},"end":{"line":36,"column":null}},"17":{"start":{"line":40,"column":2},"end":{"line":70,"column":null}},"18":{"start":{"line":47,"column":33},"end":{"line":47,"column":70}},"19":{"start":{"line":58,"column":30},"end":{"line":58,"column":null}},"20":{"start":{"line":65,"column":31},"end":{"line":65,"column":null}},"21":{"start":{"line":66,"column":23},"end":{"line":66,"column":null}}},"fnMap":{"0":{"name":"App","decl":{"start":{"line":10,"column":9},"end":{"line":10,"column":15}},"loc":{"start":{"line":10,"column":15},"end":{"line":72,"column":null}},"line":10},"1":{"name":"(anonymous_1)","decl":{"start":{"line":13,"column":52},"end":{"line":13,"column":53}},"loc":{"start":{"line":13,"column":63},"end":{"line":16,"column":4}},"line":13},"2":{"name":"(anonymous_2)","decl":{"start":{"line":22,"column":28},"end":{"line":22,"column":29}},"loc":{"start":{"line":22,"column":114},"end":{"line":38,"column":null}},"line":22},"3":{"name":"(anonymous_3)","decl":{"start":{"line":25,"column":47},"end":{"line":25,"column":48}},"loc":{"start":{"line":25,"column":57},"end":{"line":25,"column":71}},"line":25},"4":{"name":"(anonymous_4)","decl":{"start":{"line":47,"column":27},"end":{"line":47,"column":33}},"loc":{"start":{"line":47,"column":33},"end":{"line":47,"column":70}},"line":47},"5":{"name":"(anonymous_5)","decl":{"start":{"line":58,"column":22},"end":{"line":58,"column":23}},"loc":{"start":{"line":58,"column":30},"end":{"line":58,"column":null}},"line":58},"6":{"name":"(anonymous_6)","decl":{"start":{"line":65,"column":18},"end":{"line":65,"column":19}},"loc":{"start":{"line":65,"column":31},"end":{"line":65,"column":null}},"line":65},"7":{"name":"(anonymous_7)","decl":{"start":{"line":66,"column":17},"end":{"line":66,"column":23}},"loc":{"start":{"line":66,"column":23},"end":{"line":66,"column":null}},"line":66}},"branchMap":{"0":{"loc":{"start":{"line":18,"column":18},"end":{"line":20,"column":null}},"type":"cond-expr","locations":[{"start":{"line":18,"column":43},"end":{"line":19,"column":null}},{"start":{"line":20,"column":6},"end":{"line":20,"column":null}}],"line":18},"1":{"loc":{"start":{"line":24,"column":4},"end":{"line":37,"column":null}},"type":"if","locations":[{"start":{"line":24,"column":4},"end":{"line":37,"column":null}},{"start":{},"end":{}}],"line":24},"2":{"loc":{"start":{"line":24,"column":8},"end":{"line":24,"column":43}},"type":"binary-expr","locations":[{"start":{"line":24,"column":8},"end":{"line":24,"column":28}},{"start":{"line":24,"column":28},"end":{"line":24,"column":43}}],"line":24},"3":{"loc":{"start":{"line":26,"column":6},"end":{"line":26,"column":null}},"type":"if","locations":[{"start":{"line":26,"column":6},"end":{"line":26,"column":null}},{"start":{},"end":{}}],"line":26},"4":{"loc":{"start":{"line":30,"column":6},"end":{"line":34,"column":null}},"type":"if","locations":[{"start":{"line":30,"column":6},"end":{"line":34,"column":null}},{"start":{"line":32,"column":6},"end":{"line":34,"column":null}}],"line":30},"5":{"loc":{"start":{"line":30,"column":10},"end":{"line":30,"column":82}},"type":"binary-expr","locations":[{"start":{"line":30,"column":10},"end":{"line":30,"column":41}},{"start":{"line":30,"column":41},"end":{"line":30,"column":82}}],"line":30},"6":{"loc":{"start":{"line":32,"column":6},"end":{"line":34,"column":null}},"type":"if","locations":[{"start":{"line":32,"column":6},"end":{"line":34,"column":null}},{"start":{},"end":{}}],"line":32},"7":{"loc":{"start":{"line":32,"column":17},"end":{"line":32,"column":89}},"type":"binary-expr","locations":[{"start":{"line":32,"column":17},"end":{"line":32,"column":49}},{"start":{"line":32,"column":49},"end":{"line":32,"column":89}}],"line":32},"8":{"loc":{"start":{"line":52,"column":9},"end":{"line":59,"column":null}},"type":"cond-expr","locations":[{"start":{"line":53,"column":10},"end":{"line":53,"column":null}},{"start":{"line":55,"column":10},"end":{"line":59,"column":null}}],"line":52}},"s":{"0":34,"1":34,"2":23,"3":34,"4":34,"5":8,"6":8,"7":7,"8":7,"9":7,"10":0,"11":7,"12":7,"13":5,"14":2,"15":0,"16":7,"17":34,"18":11,"19":1,"20":2,"21":1},"f":{"0":34,"1":23,"2":8,"3":7,"4":11,"5":1,"6":2,"7":1},"b":{"0":[19,15],"1":[7,1],"2":[8,7],"3":[0,7],"4":[5,2],"5":[7,5],"6":[0,2],"7":[2,2],"8":[15,19]},"meta":{"lastBranch":9,"lastFunction":8,"lastStatement":22,"seen":{"f:10:9:10:15":0,"s:11:24:11:Infinity":0,"s:13:32:16:Infinity":1,"f:13:52:13:53":1,"s:13:63:16:4":2,"s:18:18:20:Infinity":3,"b:18:43:19:Infinity:20:6:20:Infinity":0,"s:22:28:38:Infinity":4,"f:22:28:22:29":2,"s:23:21:23:Infinity":5,"b:24:4:37:Infinity:undefined:undefined:undefined:undefined":1,"s:24:4:37:Infinity":6,"b:24:8:24:28:24:28:24:43":2,"s:25:26:25:Infinity":7,"f:25:47:25:48":3,"s:25:57:25:71":8,"b:26:6:26:Infinity:undefined:undefined:undefined:undefined":3,"s:26:6:26:Infinity":9,"s:26:24:26:Infinity":10,"s:28:53:28:Infinity":11,"b:30:6:34:Infinity:32:6:34:Infinity":4,"s:30:6:34:Infinity":12,"b:30:10:30:41:30:41:30:82":5,"s:31:8:31:Infinity":13,"b:32:6:34:Infinity:undefined:undefined:undefined:undefined":6,"s:32:6:34:Infinity":14,"b:32:17:32:49:32:49:32:89":7,"s:33:8:33:Infinity":15,"s:36:6:36:Infinity":16,"s:40:2:70:Infinity":17,"f:47:27:47:33":4,"s:47:33:47:70":18,"b:53:10:53:Infinity:55:10:59:Infinity":8,"f:58:22:58:23":5,"s:58:30:58:Infinity":19,"f:65:18:65:19":6,"s:65:31:65:Infinity":20,"f:66:17:66:23":7,"s:66:23:66:Infinity":21}}}
,"/Users/karlsanford/Code/InformedGuessing/src/reducer.ts": {"path":"/Users/karlsanford/Code/InformedGuessing/src/reducer.ts","statementMap":{"0":{"start":{"line":4,"column":38},"end":{"line":8,"column":null}},"1":{"start":{"line":11,"column":2},"end":{"line":57,"column":null}},"2":{"start":{"line":13,"column":6},"end":{"line":24,"column":null}},"3":{"start":{"line":27,"column":6},"end":{"line":32,"column":null}},"4":{"start":{"line":30,"column":10},"end":{"line":30,"column":null}},"5":{"start":{"line":35,"column":6},"end":{"line":38,"column":null}},"6":{"start":{"line":37,"column":52},"end":{"line":37,"column":73}},"7":{"start":{"line":41,"column":6},"end":{"line":44,"column":null}},"8":{"start":{"line":47,"column":6},"end":{"line":50,"column":null}},"9":{"start":{"line":53,"column":6},"end":{"line":53,"column":null}},"10":{"start":{"line":56,"column":6},"end":{"line":56,"column":null}}},"fnMap":{"0":{"name":"appReducer","decl":{"start":{"line":10,"column":16},"end":{"line":10,"column":27}},"loc":{"start":{"line":10,"column":73},"end":{"line":58,"column":null}},"line":10},"1":{"name":"(anonymous_1)","decl":{"start":{"line":29,"column":39},"end":{"line":29,"column":40}},"loc":{"start":{"line":30,"column":10},"end":{"line":30,"column":null}},"line":30},"2":{"name":"(anonymous_2)","decl":{"start":{"line":37,"column":42},"end":{"line":37,"column":43}},"loc":{"start":{"line":37,"column":52},"end":{"line":37,"column":73}},"line":37}},"branchMap":{"0":{"loc":{"start":{"line":11,"column":2},"end":{"line":57,"column":null}},"type":"switch","locations":[{"start":{"line":12,"column":4},"end":{"line":24,"column":null}},{"start":{"line":26,"column":4},"end":{"line":32,"column":null}},{"start":{"line":34,"column":4},"end":{"line":38,"column":null}},{"start":{"line":40,"column":4},"end":{"line":44,"column":null}},{"start":{"line":46,"column":4},"end":{"line":50,"column":null}},{"start":{"line":52,"column":4},"end":{"line":53,"column":null}},{"start":{"line":55,"column":4},"end":{"line":56,"column":null}}],"line":11},"1":{"loc":{"start":{"line":30,"column":10},"end":{"line":30,"column":null}},"type":"cond-expr","locations":[{"start":{"line":30,"column":34},"end":{"line":30,"column":67}},{"start":{"line":30,"column":67},"end":{"line":30,"column":null}}],"line":30}},"s":{"0":1,"1":22,"2":11,"3":7,"4":7,"5":1,"6":2,"7":2,"8":1,"9":0,"10":0},"f":{"0":22,"1":7,"2":2},"b":{"0":[11,7,1,2,1,0,0],"1":[7,0]},"meta":{"lastBranch":2,"lastFunction":3,"lastStatement":11,"seen":{"s:4:38:8:Infinity":0,"f:10:16:10:27":0,"b:12:4:24:Infinity:26:4:32:Infinity:34:4:38:Infinity:40:4:44:Infinity:46:4:50:Infinity:52:4:53:Infinity:55:4:56:Infinity":0,"s:11:2:57:Infinity":1,"s:13:6:24:Infinity":2,"s:27:6:32:Infinity":3,"f:29:39:29:40":1,"s:30:10:30:Infinity":4,"b:30:34:30:67:30:67:30:Infinity":1,"s:35:6:38:Infinity":5,"f:37:42:37:43":2,"s:37:52:37:73":6,"s:41:6:44:Infinity":7,"s:47:6:50:Infinity":8,"s:53:6:53:Infinity":9,"s:56:6:56:Infinity":10}}}
,"/Users/karlsanford/Code/InformedGuessing/src/components/AdvancedVariables.tsx": {"path":"/Users/karlsanford/Code/InformedGuessing/src/components/AdvancedVariables.tsx","statementMap":{"0":{"start":{"line":10,"column":29},"end":{"line":15,"column":null}},"1":{"start":{"line":11,"column":21},"end":{"line":11,"column":null}},"2":{"start":{"line":12,"column":4},"end":{"line":14,"column":null}},"3":{"start":{"line":13,"column":6},"end":{"line":13,"column":null}},"4":{"start":{"line":17,"column":2},"end":{"line":90,"column":null}},"5":{"start":{"line":33,"column":29},"end":{"line":33,"column":null}},"6":{"start":{"line":49,"column":29},"end":{"line":49,"column":null}},"7":{"start":{"line":65,"column":29},"end":{"line":65,"column":null}},"8":{"start":{"line":81,"column":29},"end":{"line":81,"column":null}}},"fnMap":{"0":{"name":"AdvancedVariables","decl":{"start":{"line":9,"column":16},"end":{"line":9,"column":34}},"loc":{"start":{"line":9,"column":92},"end":{"line":92,"column":null}},"line":9},"1":{"name":"(anonymous_1)","decl":{"start":{"line":10,"column":29},"end":{"line":10,"column":30}},"loc":{"start":{"line":10,"column":82},"end":{"line":15,"column":null}},"line":10},"2":{"name":"(anonymous_2)","decl":{"start":{"line":33,"column":22},"end":{"line":33,"column":23}},"loc":{"start":{"line":33,"column":29},"end":{"line":33,"column":null}},"line":33},"3":{"name":"(anonymous_3)","decl":{"start":{"line":49,"column":22},"end":{"line":49,"column":23}},"loc":{"start":{"line":49,"column":29},"end":{"line":49,"column":null}},"line":49},"4":{"name":"(anonymous_4)","decl":{"start":{"line":65,"column":22},"end":{"line":65,"column":23}},"loc":{"start":{"line":65,"column":29},"end":{"line":65,"column":null}},"line":65},"5":{"name":"(anonymous_5)","decl":{"start":{"line":81,"column":22},"end":{"line":81,"column":23}},"loc":{"start":{"line":81,"column":29},"end":{"line":81,"column":null}},"line":81}},"branchMap":{"0":{"loc":{"start":{"line":12,"column":4},"end":{"line":14,"column":null}},"type":"if","locations":[{"start":{"line":12,"column":4},"end":{"line":14,"column":null}},{"start":{},"end":{}}],"line":12},"1":{"loc":{"start":{"line":12,"column":8},"end":{"line":12,"column":42}},"type":"binary-expr","locations":[{"start":{"line":12,"column":8},"end":{"line":12,"column":28}},{"start":{"line":12,"column":28},"end":{"line":12,"column":42}}],"line":12}},"s":{"0":34,"1":2,"2":2,"3":2,"4":34,"5":1,"6":0,"7":1,"8":0},"f":{"0":34,"1":2,"2":1,"3":0,"4":1,"5":0},"b":{"0":[2,0],"1":[2,2]},"meta":{"lastBranch":2,"lastFunction":6,"lastStatement":9,"seen":{"f:9:16:9:34":0,"s:10:29:15:Infinity":0,"f:10:29:10:30":1,"s:11:21:11:Infinity":1,"b:12:4:14:Infinity:undefined:undefined:undefined:undefined":0,"s:12:4:14:Infinity":2,"b:12:8:12:28:12:28:12:42":1,"s:13:6:13:Infinity":3,"s:17:2:90:Infinity":4,"f:33:22:33:23":2,"s:33:29:33:Infinity":5,"f:49:22:49:23":3,"s:49:29:49:Infinity":6,"f:65:22:65:23":4,"s:65:29:65:Infinity":7,"f:81:22:81:23":5,"s:81:29:81:Infinity":8}}}
,"/Users/karlsanford/Code/InformedGuessing/src/components/OutputsSection.tsx": {"path":"/Users/karlsanford/Code/InformedGuessing/src/components/OutputsSection.tsx","statementMap":{"0":{"start":{"line":8,"column":2},"end":{"line":37,"column":null}}},"fnMap":{"0":{"name":"OutputsSection","decl":{"start":{"line":7,"column":16},"end":{"line":7,"column":31}},"loc":{"start":{"line":7,"column":65},"end":{"line":39,"column":null}},"line":7}},"branchMap":{"0":{"loc":{"start":{"line":11,"column":7},"end":{"line":35,"column":null}},"type":"cond-expr","locations":[{"start":{"line":12,"column":8},"end":{"line":33,"column":null}},{"start":{"line":35,"column":8},"end":{"line":35,"column":null}}],"line":11}},"s":{"0":34},"f":{"0":34},"b":{"0":[19,15]},"meta":{"lastBranch":1,"lastFunction":1,"lastStatement":1,"seen":{"f:7:16:7:31":0,"s:8:2:37:Infinity":0,"b:12:8:33:Infinity:35:8:35:Infinity":0}}}
,"/Users/karlsanford/Code/InformedGuessing/src/components/WorkItemsTable.tsx": {"path":"/Users/karlsanford/Code/InformedGuessing/src/components/WorkItemsTable.tsx","statementMap":{"0":{"start":{"line":12,"column":25},"end":{"line":14,"column":null}},"1":{"start":{"line":13,"column":4},"end":{"line":13,"column":null}},"2":{"start":{"line":16,"column":2},"end":{"line":81,"column":null}},"3":{"start":{"line":32,"column":28},"end":{"line":32,"column":null}},"4":{"start":{"line":33,"column":12},"end":{"line":76,"column":null}},"5":{"start":{"line":51,"column":37},"end":{"line":51,"column":null}},"6":{"start":{"line":61,"column":37},"end":{"line":61,"column":null}},"7":{"start":{"line":70,"column":35},"end":{"line":70,"column":null}}},"fnMap":{"0":{"name":"WorkItemsTable","decl":{"start":{"line":11,"column":16},"end":{"line":11,"column":31}},"loc":{"start":{"line":11,"column":83},"end":{"line":83,"column":null}},"line":11},"1":{"name":"(anonymous_1)","decl":{"start":{"line":12,"column":25},"end":{"line":12,"column":26}},"loc":{"start":{"line":12,"column":60},"end":{"line":14,"column":null}},"line":12},"2":{"name":"(anonymous_2)","decl":{"start":{"line":31,"column":21},"end":{"line":31,"column":22}},"loc":{"start":{"line":31,"column":31},"end":{"line":78,"column":11}},"line":31},"3":{"name":"(anonymous_3)","decl":{"start":{"line":51,"column":30},"end":{"line":51,"column":31}},"loc":{"start":{"line":51,"column":37},"end":{"line":51,"column":null}},"line":51},"4":{"name":"(anonymous_4)","decl":{"start":{"line":61,"column":30},"end":{"line":61,"column":31}},"loc":{"start":{"line":61,"column":37},"end":{"line":61,"column":null}},"line":61},"5":{"name":"(anonymous_5)","decl":{"start":{"line":70,"column":29},"end":{"line":70,"column":35}},"loc":{"start":{"line":70,"column":35},"end":{"line":70,"column":null}},"line":70}},"branchMap":{"0":{"loc":{"start":{"line":38,"column":21},"end":{"line":41,"column":null}},"type":"binary-expr","locations":[{"start":{"line":38,"column":21},"end":{"line":38,"column":null}},{"start":{"line":39,"column":22},"end":{"line":41,"column":null}}],"line":38}},"s":{"0":19,"1":23,"2":19,"3":23,"4":23,"5":6,"6":2,"7":1},"f":{"0":19,"1":23,"2":23,"3":6,"4":2,"5":1},"b":{"0":[23,0]},"meta":{"lastBranch":1,"lastFunction":6,"lastStatement":8,"seen":{"f:11:16:11:31":0,"s:12:25:14:Infinity":0,"f:12:25:12:26":1,"s:13:4:13:Infinity":1,"s:16:2:81:Infinity":2,"f:31:21:31:22":2,"s:32:28:32:Infinity":3,"s:33:12:76:Infinity":4,"b:38:21:38:Infinity:39:22:41:Infinity":0,"f:51:30:51:31":3,"s:51:37:51:Infinity":5,"f:61:30:61:31":4,"s:61:37:61:Infinity":6,"f:70:29:70:35":5,"s:70:35:70:Infinity":7}}}
,"/Users/karlsanford/Code/InformedGuessing/src/domain/estimation.ts": {"path":"/Users/karlsanford/Code/InformedGuessing/src/domain/estimation.ts","statementMap":{"0":{"start":{"line":42,"column":54},"end":{"line":47,"column":null}},"1":{"start":{"line":54,"column":2},"end":{"line":56,"column":null}},"2":{"start":{"line":55,"column":4},"end":{"line":55,"column":null}},"3":{"start":{"line":57,"column":2},"end":{"line":59,"column":null}},"4":{"start":{"line":58,"column":4},"end":{"line":58,"column":null}},"5":{"start":{"line":60,"column":2},"end":{"line":60,"column":null}},"6":{"start":{"line":64,"column":2},"end":{"line":66,"column":null}},"7":{"start":{"line":65,"column":4},"end":{"line":65,"column":null}},"8":{"start":{"line":67,"column":2},"end":{"line":69,"column":null}},"9":{"start":{"line":68,"column":4},"end":{"line":68,"column":null}},"10":{"start":{"line":70,"column":2},"end":{"line":72,"column":null}},"11":{"start":{"line":71,"column":4},"end":{"line":71,"column":null}},"12":{"start":{"line":73,"column":2},"end":{"line":75,"column":null}},"13":{"start":{"line":74,"column":4},"end":{"line":74,"column":null}},"14":{"start":{"line":76,"column":2},"end":{"line":76,"column":null}},"15":{"start":{"line":92,"column":2},"end":{"line":92,"column":null}},"16":{"start":{"line":104,"column":2},"end":{"line":104,"column":null}},"17":{"start":{"line":112,"column":2},"end":{"line":112,"column":null}},"18":{"start":{"line":122,"column":25},"end":{"line":126,"column":null}},"19":{"start":{"line":128,"column":29},"end":{"line":132,"column":null}},"20":{"start":{"line":134,"column":19},"end":{"line":134,"column":null}},"21":{"start":{"line":136,"column":2},"end":{"line":141,"column":null}},"22":{"start":{"line":153,"column":2},"end":{"line":153,"column":null}},"23":{"start":{"line":153,"column":37},"end":{"line":153,"column":64}},"24":{"start":{"line":161,"column":2},"end":{"line":161,"column":null}},"25":{"start":{"line":161,"column":37},"end":{"line":161,"column":58}},"26":{"start":{"line":169,"column":2},"end":{"line":169,"column":null}},"27":{"start":{"line":184,"column":2},"end":{"line":184,"column":null}},"28":{"start":{"line":195,"column":2},"end":{"line":195,"column":null}},"29":{"start":{"line":211,"column":2},"end":{"line":213,"column":null}},"30":{"start":{"line":212,"column":4},"end":{"line":212,"column":null}},"31":{"start":{"line":214,"column":19},"end":{"line":214,"column":null}},"32":{"start":{"line":215,"column":2},"end":{"line":215,"column":null}},"33":{"start":{"line":230,"column":25},"end":{"line":230,"column":null}},"34":{"start":{"line":231,"column":2},"end":{"line":233,"column":null}},"35":{"start":{"line":232,"column":4},"end":{"line":232,"column":null}},"36":{"start":{"line":236,"column":48},"end":{"line":242,"column":null}},"37":{"start":{"line":237,"column":18},"end":{"line":237,"column":null}},"38":{"start":{"line":238,"column":4},"end":{"line":240,"column":null}},"39":{"start":{"line":239,"column":6},"end":{"line":239,"column":null}},"40":{"start":{"line":241,"column":4},"end":{"line":241,"column":null}},"41":{"start":{"line":245,"column":31},"end":{"line":245,"column":null}},"42":{"start":{"line":246,"column":25},"end":{"line":246,"column":null}},"43":{"start":{"line":247,"column":33},"end":{"line":247,"column":null}},"44":{"start":{"line":250,"column":29},"end":{"line":253,"column":null}},"45":{"start":{"line":254,"column":35},"end":{"line":257,"column":null}},"46":{"start":{"line":260,"column":25},"end":{"line":263,"column":null}},"47":{"start":{"line":265,"column":2},"end":{"line":272,"column":null}}},"fnMap":{"0":{"name":"validateWorkItem","decl":{"start":{"line":53,"column":16},"end":{"line":53,"column":33}},"loc":{"start":{"line":53,"column":64},"end":{"line":61,"column":null}},"line":53},"1":{"name":"validateConstants","decl":{"start":{"line":63,"column":16},"end":{"line":63,"column":34}},"loc":{"start":{"line":63,"column":81},"end":{"line":77,"column":null}},"line":63},"2":{"name":"calculateExpectedHours","decl":{"start":{"line":87,"column":16},"end":{"line":87,"column":null}},"loc":{"start":{"line":91,"column":10},"end":{"line":93,"column":null}},"line":91},"3":{"name":"calculateRangeSpread","decl":{"start":{"line":99,"column":16},"end":{"line":99,"column":null}},"loc":{"start":{"line":103,"column":10},"end":{"line":105,"column":null}},"line":103},"4":{"name":"calculateVariance","decl":{"start":{"line":111,"column":16},"end":{"line":111,"column":34}},"loc":{"start":{"line":111,"column":70},"end":{"line":113,"column":null}},"line":111},"5":{"name":"calculateWorkItem","decl":{"start":{"line":118,"column":16},"end":{"line":118,"column":null}},"loc":{"start":{"line":121,"column":22},"end":{"line":142,"column":null}},"line":121},"6":{"name":"calculateTotalExpectedHours","decl":{"start":{"line":152,"column":16},"end":{"line":152,"column":44}},"loc":{"start":{"line":152,"column":81},"end":{"line":154,"column":null}},"line":152},"7":{"name":"(anonymous_7)","decl":{"start":{"line":153,"column":22},"end":{"line":153,"column":23}},"loc":{"start":{"line":153,"column":37},"end":{"line":153,"column":64}},"line":153},"8":{"name":"calculateTotalVariance","decl":{"start":{"line":160,"column":16},"end":{"line":160,"column":39}},"loc":{"start":{"line":160,"column":76},"end":{"line":162,"column":null}},"line":160},"9":{"name":"(anonymous_9)","decl":{"start":{"line":161,"column":22},"end":{"line":161,"column":23}},"loc":{"start":{"line":161,"column":37},"end":{"line":161,"column":58}},"line":161},"10":{"name":"calculatePortfolioRangeSpread","decl":{"start":{"line":168,"column":16},"end":{"line":168,"column":46}},"loc":{"start":{"line":168,"column":78},"end":{"line":170,"column":null}},"line":168},"11":{"name":"calculateTotalEffortHours","decl":{"start":{"line":180,"column":16},"end":{"line":180,"column":null}},"loc":{"start":{"line":183,"column":10},"end":{"line":185,"column":null}},"line":183},"12":{"name":"calculateTotalEffortStaffWeeks","decl":{"start":{"line":191,"column":16},"end":{"line":191,"column":null}},"loc":{"start":{"line":194,"column":10},"end":{"line":196,"column":null}},"line":194},"13":{"name":"calculateDurationWeeks","decl":{"start":{"line":207,"column":16},"end":{"line":207,"column":null}},"loc":{"start":{"line":210,"column":10},"end":{"line":216,"column":null}},"line":210},"14":{"name":"calculatePortfolio","decl":{"start":{"line":225,"column":16},"end":{"line":225,"column":null}},"loc":{"start":{"line":228,"column":20},"end":{"line":273,"column":null}},"line":228},"15":{"name":"(anonymous_15)","decl":{"start":{"line":236,"column":58},"end":{"line":236,"column":59}},"loc":{"start":{"line":236,"column":68},"end":{"line":242,"column":3}},"line":236}},"branchMap":{"0":{"loc":{"start":{"line":54,"column":2},"end":{"line":56,"column":null}},"type":"if","locations":[{"start":{"line":54,"column":2},"end":{"line":56,"column":null}},{"start":{},"end":{}}],"line":54},"1":{"loc":{"start":{"line":57,"column":2},"end":{"line":59,"column":null}},"type":"if","locations":[{"start":{"line":57,"column":2},"end":{"line":59,"column":null}},{"start":{},"end":{}}],"line":57},"2":{"loc":{"start":{"line":64,"column":2},"end":{"line":66,"column":null}},"type":"if","locations":[{"start":{"line":64,"column":2},"end":{"line":66,"column":null}},{"start":{},"end":{}}],"line":64},"3":{"loc":{"start":{"line":64,"column":6},"end":{"line":64,"column":84}},"type":"binary-expr","locations":[{"start":{"line":64,"column":6},"end":{"line":64,"column":46}},{"start":{"line":64,"column":46},"end":{"line":64,"column":84}}],"line":64},"4":{"loc":{"start":{"line":67,"column":2},"end":{"line":69,"column":null}},"type":"if","locations":[{"start":{"line":67,"column":2},"end":{"line":69,"column":null}},{"start":{},"end":{}}],"line":67},"5":{"loc":{"start":{"line":70,"column":2},"end":{"line":72,"column":null}},"type":"if","locations":[{"start":{"line":70,"column":2},"end":{"line":72,"column":null}},{"start":{},"end":{}}],"line":70},"6":{"loc":{"start":{"line":73,"column":2},"end":{"line":75,"column":null}},"type":"if","locations":[{"start":{"line":73,"column":2},"end":{"line":75,"column":null}},{"start":{},"end":{}}],"line":73},"7":{"loc":{"start":{"line":211,"column":2},"end":{"line":213,"column":null}},"type":"if","locations":[{"start":{"line":211,"column":2},"end":{"line":213,"column":null}},{"start":{},"end":{}}],"line":211},"8":{"loc":{"start":{"line":231,"column":2},"end":{"line":233,"column":null}},"type":"if","locations":[{"start":{"line":231,"column":2},"end":{"line":233,"column":null}},{"start":{},"end":{}}],"line":231},"9":{"loc":{"start":{"line":238,"column":4},"end":{"line":240,"column":null}},"type":"if","locations":[{"start":{"line":238,"column":4},"end":{"line":240,"column":null}},{"start":{},"end":{}}],"line":238}},"s":{"0":2,"1":125,"2":2,"3":123,"4":2,"5":121,"6":38,"7":3,"8":35,"9":1,"10":34,"11":1,"12":33,"13":1,"14":32,"15":127,"16":124,"17":124,"18":121,"19":121,"20":121,"21":121,"22":29,"23":96,"24":29,"25":96,"26":29,"27":29,"28":29,"29":29,"30":13,"31":16,"32":16,"33":32,"34":32,"35":1,"36":31,"37":98,"38":98,"39":2,"40":96,"41":31,"42":31,"43":31,"44":31,"45":31,"46":31,"47":31},"f":{"0":125,"1":38,"2":127,"3":124,"4":124,"5":121,"6":29,"7":96,"8":29,"9":96,"10":29,"11":29,"12":29,"13":29,"14":32,"15":98},"b":{"0":[2,123],"1":[2,121],"2":[3,35],"3":[38,37],"4":[1,34],"5":[1,33],"6":[1,32],"7":[13,16],"8":[1,31],"9":[2,96]},"meta":{"lastBranch":10,"lastFunction":16,"lastStatement":48,"seen":{"s:42:54:47:Infinity":0,"f:53:16:53:33":0,"b:54:2:56:Infinity:undefined:undefined:undefined:undefined":0,"s:54:2:56:Infinity":1,"s:55:4:55:Infinity":2,"b:57:2:59:Infinity:undefined:undefined:undefined:undefined":1,"s:57:2:59:Infinity":3,"s:58:4:58:Infinity":4,"s:60:2:60:Infinity":5,"f:63:16:63:34":1,"b:64:2:66:Infinity:undefined:undefined:undefined:undefined":2,"s:64:2:66:Infinity":6,"b:64:6:64:46:64:46:64:84":3,"s:65:4:65:Infinity":7,"b:67:2:69:Infinity:undefined:undefined:undefined:undefined":4,"s:67:2:69:Infinity":8,"s:68:4:68:Infinity":9,"b:70:2:72:Infinity:undefined:undefined:undefined:undefined":5,"s:70:2:72:Infinity":10,"s:71:4:71:Infinity":11,"b:73:2:75:Infinity:undefined:undefined:undefined:undefined":6,"s:73:2:75:Infinity":12,"s:74:4:74:Infinity":13,"s:76:2:76:Infinity":14,"f:87:16:87:Infinity":2,"s:92:2:92:Infinity":15,"f:99:16:99:Infinity":3,"s:104:2:104:Infinity":16,"f:111:16:111:34":4,"s:112:2:112:Infinity":17,"f:118:16:118:Infinity":5,"s:122:25:126:Infinity":18,"s:128:29:132:Infinity":19,"s:134:19:134:Infinity":20,"s:136:2:141:Infinity":21,"f:152:16:152:44":6,"s:153:2:153:Infinity":22,"f:153:22:153:23":7,"s:153:37:153:64":23,"f:160:16:160:39":8,"s:161:2:161:Infinity":24,"f:161:22:161:23":9,"s:161:37:161:58":25,"f:168:16:168:46":10,"s:169:2:169:Infinity":26,"f:180:16:180:Infinity":11,"s:184:2:184:Infinity":27,"f:191:16:191:Infinity":12,"s:195:2:195:Infinity":28,"f:207:16:207:Infinity":13,"b:211:2:213:Infinity:undefined:undefined:undefined:undefined":7,"s:211:2:213:Infinity":29,"s:212:4:212:Infinity":30,"s:214:19:214:Infinity":31,"s:215:2:215:Infinity":32,"f:225:16:225:Infinity":14,"s:230:25:230:Infinity":33,"b:231:2:233:Infinity:undefined:undefined:undefined:undefined":8,"s:231:2:233:Infinity":34,"s:232:4:232:Infinity":35,"s:236:48:242:Infinity":36,"f:236:58:236:59":15,"s:237:18:237:Infinity":37,"b:238:4:240:Infinity:undefined:undefined:undefined:undefined":9,"s:238:4:240:Infinity":38,"s:239:6:239:Infinity":39,"s:241:4:241:Infinity":40,"s:245:31:245:Infinity":41,"s:246:25:246:Infinity":42,"s:247:33:247:Infinity":43,"s:250:29:253:Infinity":44,"s:254:35:257:Infinity":45,"s:260:25:263:Infinity":46,"s:265:2:272:Infinity":47}}}
}
